mode: set
sirclo/restapi/db/gorm/delivery/auth.go:11.62,18.2 6 1
sirclo/restapi/db/gorm/delivery/auth.go:20.68,22.16 2 1
sirclo/restapi/db/gorm/delivery/auth.go:30.2,30.39 1 0
sirclo/restapi/db/gorm/delivery/auth.go:22.16,25.21 3 1
sirclo/restapi/db/gorm/delivery/auth.go:28.3,28.23 1 1
sirclo/restapi/db/gorm/delivery/auth.go:25.21,27.4 1 0
sirclo/restapi/db/gorm/delivery/userController.go:12.76,13.36 1 1
sirclo/restapi/db/gorm/delivery/userController.go:13.36,16.43 2 1
sirclo/restapi/db/gorm/delivery/userController.go:24.3,25.17 2 1
sirclo/restapi/db/gorm/delivery/userController.go:34.3,35.17 2 1
sirclo/restapi/db/gorm/delivery/userController.go:43.3,46.5 1 1
sirclo/restapi/db/gorm/delivery/userController.go:16.43,23.4 2 1
sirclo/restapi/db/gorm/delivery/userController.go:25.17,32.4 2 0
sirclo/restapi/db/gorm/delivery/userController.go:35.17,42.4 2 0
sirclo/restapi/db/gorm/delivery/userController.go:50.79,51.36 1 1
sirclo/restapi/db/gorm/delivery/userController.go:51.36,53.17 2 1
sirclo/restapi/db/gorm/delivery/userController.go:61.3,62.17 2 1
sirclo/restapi/db/gorm/delivery/userController.go:70.3,74.5 1 1
sirclo/restapi/db/gorm/delivery/userController.go:53.17,60.4 2 0
sirclo/restapi/db/gorm/delivery/userController.go:62.17,69.4 2 0
sirclo/restapi/db/gorm/delivery/userController.go:78.60,79.36 1 1
sirclo/restapi/db/gorm/delivery/userController.go:79.36,81.39 2 0
sirclo/restapi/db/gorm/delivery/userController.go:89.3,89.54 1 0
sirclo/restapi/db/gorm/delivery/userController.go:97.3,100.5 1 0
sirclo/restapi/db/gorm/delivery/userController.go:81.39,88.4 2 0
sirclo/restapi/db/gorm/delivery/userController.go:89.54,96.4 2 0
sirclo/restapi/db/gorm/delivery/userRoute.go:12.64,13.36 1 0
sirclo/restapi/db/gorm/delivery/userRoute.go:13.36,19.3 5 0
sirclo/restapi/db/gorm/delivery/userRoute.go:22.65,48.2 4 1
